<?xml version="1.0" encoding="UTF-8"?>
<!-- Generated by org.testng.reporters.JUnitReportReporter -->
<testsuite hostname="LTIN509549" failures="0" tests="2" name="testCases.TC004_LoginPage" time="5.028" errors="0" timestamp="2024-11-09T14:54:00 IST" skipped="0">
  <testcase classname="testCases.TC004_LoginPage" name="test_Login" time="4.252"/>
  <system-out/>
  <testcase classname="testCases.TC004_LoginPage" name="test_Login" time="0.776"/>
  <system-out/>
</testsuite> <!-- testCases.TC004_LoginPage -->
