<?xml version="1.0" encoding="UTF-8"?>
<!-- Generated by org.testng.reporters.JUnitReportReporter -->
<testsuite hostname="LTIN509549" failures="0" tests="1" name="testCases.TC004_DisplayStudyChairs" time="2.450" errors="0" timestamp="2024-11-09T15:06:36 IST" skipped="0">
  <testcase classname="testCases.TC004_DisplayStudyChairs" name="test_displayStudyChairs" time="2.450"/>
  <system-out/>
</testsuite> <!-- testCases.TC004_DisplayStudyChairs -->
