<?xml version="1.0" encoding="UTF-8"?>
<!-- Generated by org.testng.reporters.JUnitReportReporter -->
<testsuite hostname="LTIN509549" failures="0" tests="1" name="testCases.TC001_DisplayBookshelves" time="7.376" errors="0" timestamp="2024-11-09T15:06:36 IST" skipped="0">
  <testcase classname="testCases.TC001_DisplayBookshelves" name="test_displayBookShelves" time="7.376"/>
  <system-out/>
</testsuite> <!-- testCases.TC001_DisplayBookshelves -->
