<?xml version="1.0" encoding="UTF-8"?>
<!-- Generated by org.testng.reporters.JUnitReportReporter -->
<testsuite hostname="LTIN509549" failures="0" tests="2" name="testCases.TC003_LoginPage" time="4.828" errors="0" timestamp="2024-11-09T15:06:36 IST" skipped="0">
  <testcase classname="testCases.TC003_LoginPage" name="test_Login" time="4.093"/>
  <system-out/>
  <testcase classname="testCases.TC003_LoginPage" name="test_Login" time="0.735"/>
  <system-out/>
</testsuite> <!-- testCases.TC003_LoginPage -->
